2018-08-14 16:04:56,995 [INFO] [Thread-4:123145378029568] [django.server:124] [basehttp:log_message] [basehttp.py:124]- "GET /static/admin/fonts/Roboto-Bold-webfont.woff HTTP/1.1" 304 0
2018-08-14 16:04:56,996 [INFO] [Thread-3:123145372774400] [django.server:124] [basehttp:log_message] [basehttp.py:124]- "GET /static/admin/fonts/Roboto-Regular-webfont.woff HTTP/1.1" 304 0
2018-08-14 16:04:57,006 [WARNING] [Thread-2:123145367519232] [django.server:124] [basehttp:log_message] [basehttp.py:124]- "GET / HTTP/1.1" 404 2023
2018-08-14 16:04:57,103 [WARNING] [Thread-5:123145367519232] [django.server:124] [basehttp:log_message] [basehttp.py:124]- "GET /apple-touch-icon-precomposed.png HTTP/1.1" 404 2137
2018-08-14 16:04:57,109 [WARNING] [Thread-6:123145367519232] [django.server:124] [basehttp:log_message] [basehttp.py:124]- "GET /apple-touch-icon.png HTTP/1.1" 404 2101
2018-08-14 16:05:02,859 [WARNING] [Thread-7:123145367519232] [django.server:124] [basehttp:log_message] [basehttp.py:124]- "GET / HTTP/1.1" 404 2023
2018-08-14 16:05:04,841 [WARNING] [Thread-8:123145367519232] [django.server:124] [basehttp:log_message] [basehttp.py:124]- "GET / HTTP/1.1" 404 2023
2018-08-14 16:05:06,314 [ERROR] [Thread-9:123145367519232] [django.server:124] [basehttp:log_message] [basehttp.py:124]- "GET /uum/users/ HTTP/1.1" 500 137853
2018-08-14 16:05:30,468 [ERROR] [Thread-10:123145367519232] [django.server:124] [basehttp:log_message] [basehttp.py:124]- "GET /uum/users/ HTTP/1.1" 500 137853
2018-08-17 23:15:36,194 [INFO] [Thread-3:123145397686272] [django.server:124] [basehttp:log_message] [basehttp.py:124]- "GET /static/admin/fonts/Roboto-Bold-webfont.woff HTTP/1.1" 304 0
2018-08-17 23:15:36,194 [INFO] [Thread-4:123145402941440] [django.server:124] [basehttp:log_message] [basehttp.py:124]- "GET /static/admin/fonts/Roboto-Regular-webfont.woff HTTP/1.1" 304 0
2018-08-17 23:15:36,204 [WARNING] [Thread-2:123145392431104] [django.server:124] [basehttp:log_message] [basehttp.py:124]- "GET / HTTP/1.1" 404 2023
2018-08-17 23:15:40,821 [WARNING] [Thread-5:123145392431104] [django.server:124] [basehttp:log_message] [basehttp.py:124]- "GET /damin HTTP/1.1" 404 2056
2018-08-17 23:15:40,844 [WARNING] [Thread-6:123145392431104] [django.server:124] [basehttp:log_message] [basehttp.py:124]- "GET /favicon.ico HTTP/1.1" 404 2074
2018-08-19 22:58:07,697 [WARNING] [Thread-2:123145578364928] [django.server:124] [basehttp:log_message] [basehttp.py:124]- "GET / HTTP/1.1" 404 2023
2018-08-19 22:58:07,748 [WARNING] [Thread-3:123145578364928] [django.server:124] [basehttp:log_message] [basehttp.py:124]- "GET /apple-touch-icon-precomposed.png HTTP/1.1" 404 2137
2018-08-19 22:58:07,753 [WARNING] [Thread-4:123145578364928] [django.server:124] [basehttp:log_message] [basehttp.py:124]- "GET /apple-touch-icon.png HTTP/1.1" 404 2101
2018-08-19 22:58:11,273 [WARNING] [Thread-5:123145578364928] [django.server:124] [basehttp:log_message] [basehttp.py:124]- "GET / HTTP/1.1" 404 2023
2018-08-19 22:58:13,416 [WARNING] [Thread-6:123145578364928] [django.server:124] [basehttp:log_message] [basehttp.py:124]- "GET / HTTP/1.1" 404 2023
2018-08-19 22:58:15,322 [INFO] [Thread-7:123145578364928] [django.server:124] [basehttp:log_message] [basehttp.py:124]- "GET /admin/ HTTP/1.1" 302 0
2018-08-19 22:58:15,380 [INFO] [Thread-8:123145578364928] [django.server:124] [basehttp:log_message] [basehttp.py:124]- "GET /admin/login/?next=/admin/ HTTP/1.1" 200 1857
2018-08-19 22:58:15,400 [INFO] [Thread-11:123145588875264] [django.server:124] [basehttp:log_message] [basehttp.py:124]- "GET /static/admin/css/login.css HTTP/1.1" 304 0
2018-08-19 22:58:15,400 [INFO] [Thread-10:123145583620096] [django.server:124] [basehttp:log_message] [basehttp.py:124]- "GET /static/admin/css/responsive.css HTTP/1.1" 200 17894
2018-08-19 22:58:15,401 [INFO] [Thread-9:123145578364928] [django.server:124] [basehttp:log_message] [basehttp.py:124]- "GET /static/admin/css/base.css HTTP/1.1" 200 16106
2018-08-19 22:58:15,570 [INFO] [Thread-12:123145578364928] [django.server:124] [basehttp:log_message] [basehttp.py:124]- "GET /static/admin/css/fonts.css HTTP/1.1" 200 423
2018-08-19 22:58:15,624 [INFO] [Thread-13:123145578364928] [django.server:124] [basehttp:log_message] [basehttp.py:124]- "GET /static/admin/fonts/Roboto-Light-webfont.woff HTTP/1.1" 200 81348
2018-08-19 22:58:15,973 [INFO] [Thread-14:123145578364928] [django.server:124] [basehttp:log_message] [basehttp.py:124]- "GET /admin/ HTTP/1.1" 302 0
2018-08-19 22:58:15,995 [INFO] [Thread-15:123145578364928] [django.server:124] [basehttp:log_message] [basehttp.py:124]- "GET /admin/login/?next=/admin/ HTTP/1.1" 200 1857
2018-08-19 22:58:30,975 [INFO] [Thread-16:123145578364928] [django.server:124] [basehttp:log_message] [basehttp.py:124]- "POST /admin/login/?next=/admin/ HTTP/1.1" 302 0
2018-08-19 22:58:31,030 [INFO] [Thread-17:123145578364928] [django.server:124] [basehttp:log_message] [basehttp.py:124]- "GET /admin/ HTTP/1.1" 200 13870
2018-08-19 22:58:31,043 [INFO] [Thread-18:123145578364928] [django.server:124] [basehttp:log_message] [basehttp.py:124]- "GET /static/admin/css/dashboard.css HTTP/1.1" 304 0
2018-08-19 22:58:31,048 [INFO] [Thread-20:123145583620096] [django.server:124] [basehttp:log_message] [basehttp.py:124]- "GET /static/admin/img/icon-changelink.svg HTTP/1.1" 304 0
2018-08-19 22:58:31,049 [INFO] [Thread-19:123145578364928] [django.server:124] [basehttp:log_message] [basehttp.py:124]- "GET /static/admin/img/icon-addlink.svg HTTP/1.1" 304 0
2018-08-19 22:59:13,901 [INFO] [Thread-21:123145578364928] [django.server:124] [basehttp:log_message] [basehttp.py:124]- "GET /admin/auth/user/add/ HTTP/1.1" 200 5693
2018-08-19 22:59:13,926 [INFO] [Thread-27:123145604640768] [django.server:124] [basehttp:log_message] [basehttp.py:124]- "GET /static/admin/css/forms.css HTTP/1.1" 304 0
2018-08-19 22:59:13,927 [INFO] [Thread-24:123145588875264] [django.server:124] [basehttp:log_message] [basehttp.py:124]- "GET /static/admin/js/prepopulate.js HTTP/1.1" 200 1538
2018-08-19 22:59:13,930 [INFO] [Thread-23:123145583620096] [django.server:124] [basehttp:log_message] [basehttp.py:124]- "GET /static/admin/js/jquery.init.js HTTP/1.1" 200 363
2018-08-19 22:59:13,935 [INFO] [Thread-28:123145588875264] [django.server:124] [basehttp:log_message] [basehttp.py:124]- "GET /static/admin/js/core.js HTTP/1.1" 304 0
2018-08-19 22:59:13,936 [INFO] [Thread-30:123145583620096] [django.server:124] [basehttp:log_message] [basehttp.py:124]- "GET /static/admin/js/actions.js HTTP/1.1" 304 0
2018-08-19 22:59:13,937 [INFO] [Thread-29:123145604640768] [django.server:124] [basehttp:log_message] [basehttp.py:124]- "GET /static/admin/js/admin/RelatedObjectLookups.js HTTP/1.1" 304 0
2018-08-19 22:59:13,938 [INFO] [Thread-25:123145594130432] [django.server:124] [basehttp:log_message] [basehttp.py:124]- "GET /static/admin/js/vendor/xregexp/xregexp.js HTTP/1.1" 200 128820
2018-08-19 22:59:13,942 [INFO] [Thread-31:123145588875264] [django.server:124] [basehttp:log_message] [basehttp.py:124]- "GET /static/admin/js/urlify.js HTTP/1.1" 200 8729
2018-08-19 22:59:13,944 [INFO] [Thread-33:123145594130432] [django.server:124] [basehttp:log_message] [basehttp.py:124]- "GET /static/admin/js/change_form.js HTTP/1.1" 304 0
2018-08-19 22:59:13,944 [INFO] [Thread-32:123145583620096] [django.server:124] [basehttp:log_message] [basehttp.py:124]- "GET /static/admin/css/widgets.css HTTP/1.1" 304 0
2018-08-19 22:59:13,945 [INFO] [Thread-34:123145604640768] [django.server:124] [basehttp:log_message] [basehttp.py:124]- "GET /static/admin/js/prepopulate_init.js HTTP/1.1" 304 0
2018-08-19 22:59:13,946 [INFO] [Thread-22:123145578364928] [django.server:124] [basehttp:log_message] [basehttp.py:124]- "GET /static/admin/js/vendor/jquery/jquery.js HTTP/1.1" 200 258648
2018-08-19 22:59:13,953 [INFO] [Thread-26:123145599385600] [django.server:124] [basehttp:log_message] [basehttp.py:124]- "GET /admin/jsi18n/ HTTP/1.1" 200 7684
2018-08-19 22:59:14,034 [WARNING] [Thread-35:123145578364928] [django.server:124] [basehttp:log_message] [basehttp.py:124]- "GET /favicon.ico HTTP/1.1" 404 2074
2018-08-23 23:25:27,795 [INFO] [Thread-4:123145558605824] [django.server:124] [basehttp:log_message] [basehttp.py:124]- "GET /static/admin/fonts/Roboto-Bold-webfont.woff HTTP/1.1" 304 0
2018-08-23 23:25:27,795 [INFO] [Thread-5:123145563860992] [django.server:124] [basehttp:log_message] [basehttp.py:124]- "GET /static/admin/fonts/Roboto-Regular-webfont.woff HTTP/1.1" 304 0
2018-08-23 23:25:27,796 [INFO] [Thread-3:123145553350656] [django.server:124] [basehttp:log_message] [basehttp.py:124]- "GET /static/admin/fonts/Roboto-Light-webfont.woff HTTP/1.1" 304 0
2018-08-23 23:25:27,803 [WARNING] [Thread-2:123145548095488] [django.server:124] [basehttp:log_message] [basehttp.py:124]- "GET / HTTP/1.1" 404 2023
2018-08-23 23:25:27,917 [WARNING] [Thread-6:123145548095488] [django.server:124] [basehttp:log_message] [basehttp.py:124]- "GET /apple-touch-icon-precomposed.png HTTP/1.1" 404 2137
2018-08-23 23:25:27,926 [WARNING] [Thread-7:123145548095488] [django.server:124] [basehttp:log_message] [basehttp.py:124]- "GET /apple-touch-icon.png HTTP/1.1" 404 2101
2018-08-23 23:25:31,233 [WARNING] [Thread-8:123145548095488] [django.server:124] [basehttp:log_message] [basehttp.py:124]- "GET / HTTP/1.1" 404 2023
2018-08-23 23:25:37,963 [WARNING] [Thread-9:123145548095488] [django.server:124] [basehttp:log_message] [basehttp.py:124]- "GET /mam/meterials HTTP/1.1" 404 4563
2018-08-23 23:25:37,994 [WARNING] [Thread-10:123145548095488] [django.server:124] [basehttp:log_message] [basehttp.py:124]- "GET /favicon.ico HTTP/1.1" 404 2074
2018-08-23 23:25:48,598 [WARNING] [Thread-11:123145548095488] [django.server:124] [basehttp:log_message] [basehttp.py:124]- "GET /mam/meterials HTTP/1.1" 404 4563
2018-08-23 23:25:55,051 [WARNING] [Thread-12:123145548095488] [django.server:124] [basehttp:log_message] [basehttp.py:124]- "GET /mam/matgroup/ HTTP/1.1" 404 4563
2018-08-23 23:25:55,097 [WARNING] [Thread-13:123145548095488] [django.server:124] [basehttp:log_message] [basehttp.py:124]- "GET /favicon.ico HTTP/1.1" 404 2074
2018-08-23 23:26:01,209 [INFO] [Thread-14:123145548095488] [django.server:124] [basehttp:log_message] [basehttp.py:124]- "GET /mam/matgroups HTTP/1.1" 301 0
2018-08-23 23:26:01,239 [INFO] [Thread-15:123145548095488] [django.server:124] [basehttp:log_message] [basehttp.py:124]- "GET /mam/matgroups/ HTTP/1.1" 200 50
2018-08-23 23:26:01,274 [WARNING] [Thread-16:123145548095488] [django.server:124] [basehttp:log_message] [basehttp.py:124]- "GET /favicon.ico HTTP/1.1" 404 2074
2018-08-23 23:26:26,680 [WARNING] [Thread-17:123145548095488] [django.server:124] [basehttp:log_message] [basehttp.py:124]- "GET / HTTP/1.1" 404 2023
2018-08-23 23:26:31,309 [INFO] [Thread-19:123145553350656] [django.server:124] [basehttp:log_message] [basehttp.py:124]- "GET /static/admin/css/responsive.css HTTP/1.1" 304 0
2018-08-23 23:26:31,492 [INFO] [Thread-18:123145548095488] [django.server:124] [basehttp:log_message] [basehttp.py:124]- "GET /admin/ HTTP/1.1" 200 15154
2018-08-23 23:26:31,509 [INFO] [Thread-21:123145553350656] [django.server:124] [basehttp:log_message] [basehttp.py:124]- "GET /static/admin/css/dashboard.css HTTP/1.1" 200 412
2018-08-23 23:26:31,509 [INFO] [Thread-20:123145548095488] [django.server:124] [basehttp:log_message] [basehttp.py:124]- "GET /static/admin/css/base.css HTTP/1.1" 200 16106
2018-08-23 23:26:31,522 [INFO] [Thread-22:123145548095488] [django.server:124] [basehttp:log_message] [basehttp.py:124]- "GET /static/admin/css/fonts.css HTTP/1.1" 200 423
2018-08-23 23:26:31,531 [INFO] [Thread-24:123145553350656] [django.server:124] [basehttp:log_message] [basehttp.py:124]- "GET /static/admin/img/icon-addlink.svg HTTP/1.1" 304 0
2018-08-23 23:26:31,531 [INFO] [Thread-23:123145548095488] [django.server:124] [basehttp:log_message] [basehttp.py:124]- "GET /static/admin/img/icon-changelink.svg HTTP/1.1" 304 0
2018-08-23 23:26:42,315 [INFO] [Thread-25:123145548095488] [django.server:124] [basehttp:log_message] [basehttp.py:124]- "GET /admin/ HTTP/1.1" 200 15154
2018-08-23 23:27:19,683 [INFO] [Thread-2:123145557553152] [django.server:124] [basehttp:log_message] [basehttp.py:124]- "GET /admin/ HTTP/1.1" 200 19180
2018-08-23 23:27:32,598 [INFO] [Thread-3:123145557553152] [django.server:124] [basehttp:log_message] [basehttp.py:124]- "GET /admin/mam/mammatgroup/ HTTP/1.1" 200 3281
2018-08-23 23:27:32,617 [INFO] [Thread-4:123145557553152] [django.server:124] [basehttp:log_message] [basehttp.py:124]- "GET /static/admin/css/changelists.css HTTP/1.1" 200 6170
2018-08-23 23:27:32,620 [INFO] [Thread-8:123145578573824] [django.server:124] [basehttp:log_message] [basehttp.py:124]- "GET /static/admin/js/jquery.init.js HTTP/1.1" 304 0
2018-08-23 23:27:32,621 [INFO] [Thread-9:123145583828992] [django.server:124] [basehttp:log_message] [basehttp.py:124]- "GET /static/admin/js/actions.js HTTP/1.1" 304 0
2018-08-23 23:27:32,621 [INFO] [Thread-6:123145568063488] [django.server:124] [basehttp:log_message] [basehttp.py:124]- "GET /static/admin/js/prepopulate.js HTTP/1.1" 200 1538
2018-08-23 23:27:32,623 [INFO] [Thread-7:123145573318656] [django.server:124] [basehttp:log_message] [basehttp.py:124]- "GET /static/admin/js/vendor/xregexp/xregexp.js HTTP/1.1" 200 128820
2018-08-23 23:27:32,627 [INFO] [Thread-10:123145557553152] [django.server:124] [basehttp:log_message] [basehttp.py:124]- "GET /static/admin/js/urlify.js HTTP/1.1" 304 0
2018-08-23 23:27:32,628 [INFO] [Thread-11:123145568063488] [django.server:124] [basehttp:log_message] [basehttp.py:124]- "GET /static/admin/js/vendor/jquery/jquery.js HTTP/1.1" 304 0
2018-08-23 23:27:32,629 [INFO] [Thread-12:123145573318656] [django.server:124] [basehttp:log_message] [basehttp.py:124]- "GET /static/admin/js/core.js HTTP/1.1" 304 0
2018-08-23 23:27:32,631 [INFO] [Thread-13:123145578573824] [django.server:124] [basehttp:log_message] [basehttp.py:124]- "GET /static/admin/js/admin/RelatedObjectLookups.js HTTP/1.1" 304 0
2018-08-23 23:27:32,645 [INFO] [Thread-5:123145562808320] [django.server:124] [basehttp:log_message] [basehttp.py:124]- "GET /admin/jsi18n/ HTTP/1.1" 200 7684
2018-08-23 23:27:32,677 [INFO] [Thread-14:123145557553152] [django.server:124] [basehttp:log_message] [basehttp.py:124]- "GET /static/admin/img/tooltag-add.svg HTTP/1.1" 200 331
2018-08-23 23:27:32,701 [WARNING] [Thread-15:123145557553152] [django.server:124] [basehttp:log_message] [basehttp.py:124]- "GET /favicon.ico HTTP/1.1" 404 2074
2018-08-23 23:27:34,472 [INFO] [Thread-16:123145557553152] [django.server:124] [basehttp:log_message] [basehttp.py:124]- "GET /admin/mam/mammatgroup/add/ HTTP/1.1" 200 7409
2018-08-23 23:27:34,487 [INFO] [Thread-18:123145562808320] [django.server:124] [basehttp:log_message] [basehttp.py:124]- "GET /static/admin/css/forms.css HTTP/1.1" 304 0
2018-08-23 23:27:34,488 [INFO] [Thread-21:123145578573824] [django.server:124] [basehttp:log_message] [basehttp.py:124]- "GET /static/admin/js/change_form.js HTTP/1.1" 304 0
2018-08-23 23:27:34,489 [INFO] [Thread-19:123145568063488] [django.server:124] [basehttp:log_message] [basehttp.py:124]- "GET /static/admin/img/icon-deletelink.svg HTTP/1.1" 200 392
2018-08-23 23:27:34,489 [INFO] [Thread-20:123145573318656] [django.server:124] [basehttp:log_message] [basehttp.py:124]- "GET /static/admin/js/prepopulate_init.js HTTP/1.1" 200 495
2018-08-23 23:27:34,491 [INFO] [Thread-22:123145562808320] [django.server:124] [basehttp:log_message] [basehttp.py:124]- "GET /static/admin/css/widgets.css HTTP/1.1" 304 0
2018-08-23 23:27:34,509 [INFO] [Thread-17:123145557553152] [django.server:124] [basehttp:log_message] [basehttp.py:124]- "GET /admin/jsi18n/ HTTP/1.1" 200 7684
2018-08-23 23:27:34,562 [WARNING] [Thread-23:123145557553152] [django.server:124] [basehttp:log_message] [basehttp.py:124]- "GET /favicon.ico HTTP/1.1" 404 2074
2018-08-23 23:28:43,276 [INFO] [Thread-24:123145557553152] [django.server:124] [basehttp:log_message] [basehttp.py:124]- "POST /admin/mam/mammatgroup/add/ HTTP/1.1" 200 7669
2018-08-23 23:28:43,312 [INFO] [Thread-25:123145557553152] [django.server:124] [basehttp:log_message] [basehttp.py:124]- "GET /admin/jsi18n/ HTTP/1.1" 200 7684
2018-08-23 23:28:49,061 [INFO] [Thread-26:123145557553152] [django.server:124] [basehttp:log_message] [basehttp.py:124]- "GET /admin/mam/mammatgroup/add/?_to_field=id&_popup=1 HTTP/1.1" 200 6452
2018-08-23 23:28:49,094 [INFO] [Thread-27:123145557553152] [django.server:124] [basehttp:log_message] [basehttp.py:124]- "GET /admin/jsi18n/ HTTP/1.1" 200 7684
2018-08-23 23:28:49,127 [WARNING] [Thread-28:123145557553152] [django.server:124] [basehttp:log_message] [basehttp.py:124]- "GET /favicon.ico HTTP/1.1" 404 2074
2018-08-23 23:29:47,306 [INFO] [Thread-29:123145557553152] [django.server:124] [basehttp:log_message] [basehttp.py:124]- "POST /admin/mam/mammatgroup/add/ HTTP/1.1" 200 7669
2018-08-23 23:29:47,336 [INFO] [Thread-30:123145557553152] [django.server:124] [basehttp:log_message] [basehttp.py:124]- "GET /admin/jsi18n/ HTTP/1.1" 200 7684
2018-08-23 23:37:47,601 [INFO] [Thread-2:123145381629952] [django.server:124] [basehttp:log_message] [basehttp.py:124]- "POST /admin/mam/mammatgroup/add/ HTTP/1.1" 200 7567
2018-08-23 23:37:47,640 [INFO] [Thread-3:123145381629952] [django.server:124] [basehttp:log_message] [basehttp.py:124]- "GET /admin/jsi18n/ HTTP/1.1" 200 7684
2018-08-23 23:38:00,210 [INFO] [Thread-4:123145381629952] [django.server:124] [basehttp:log_message] [basehttp.py:124]- "POST /admin/mam/mammatgroup/add/ HTTP/1.1" 200 7567
2018-08-23 23:38:00,239 [INFO] [Thread-5:123145381629952] [django.server:124] [basehttp:log_message] [basehttp.py:124]- "GET /admin/jsi18n/ HTTP/1.1" 200 7684
2018-08-23 23:38:12,195 [INFO] [Thread-6:123145381629952] [django.server:124] [basehttp:log_message] [basehttp.py:124]- "GET /admin/mam/mammatgroup/add/ HTTP/1.1" 200 7391
2018-08-23 23:38:12,233 [INFO] [Thread-7:123145381629952] [django.server:124] [basehttp:log_message] [basehttp.py:124]- "GET /admin/jsi18n/ HTTP/1.1" 200 7684
2018-08-23 23:38:13,463 [INFO] [Thread-8:123145381629952] [django.server:124] [basehttp:log_message] [basehttp.py:124]- "GET /admin/mam/mammatgroup/ HTTP/1.1" 200 3281
2018-08-23 23:38:13,492 [INFO] [Thread-9:123145381629952] [django.server:124] [basehttp:log_message] [basehttp.py:124]- "GET /admin/jsi18n/ HTTP/1.1" 200 7684
2018-08-23 23:38:14,040 [INFO] [Thread-10:123145381629952] [django.server:124] [basehttp:log_message] [basehttp.py:124]- "GET /admin/mam/mammatgroup/ HTTP/1.1" 200 3281
2018-08-23 23:38:14,074 [INFO] [Thread-11:123145381629952] [django.server:124] [basehttp:log_message] [basehttp.py:124]- "GET /admin/jsi18n/ HTTP/1.1" 200 7684
2018-08-23 23:38:16,010 [INFO] [Thread-12:123145381629952] [django.server:124] [basehttp:log_message] [basehttp.py:124]- "GET /admin/mam/mammatgroup/add/ HTTP/1.1" 200 7391
2018-08-23 23:38:16,036 [INFO] [Thread-13:123145381629952] [django.server:124] [basehttp:log_message] [basehttp.py:124]- "GET /admin/jsi18n/ HTTP/1.1" 200 7684
2018-08-23 23:38:40,465 [INFO] [Thread-14:123145381629952] [django.server:124] [basehttp:log_message] [basehttp.py:124]- "POST /admin/mam/mammatgroup/add/ HTTP/1.1" 200 7558
2018-08-23 23:38:40,489 [INFO] [Thread-15:123145381629952] [django.server:124] [basehttp:log_message] [basehttp.py:124]- "GET /admin/jsi18n/ HTTP/1.1" 200 7684
2018-08-23 23:39:56,540 [INFO] [Thread-2:123145552367616] [django.server:124] [basehttp:log_message] [basehttp.py:124]- "POST /admin/mam/mammatgroup/add/ HTTP/1.1" 200 7606
2018-08-23 23:39:56,567 [INFO] [Thread-3:123145552367616] [django.server:124] [basehttp:log_message] [basehttp.py:124]- "GET /admin/jsi18n/ HTTP/1.1" 200 7684
2018-08-23 23:40:03,161 [INFO] [Thread-4:123145552367616] [django.server:124] [basehttp:log_message] [basehttp.py:124]- "POST /admin/mam/mammatgroup/add/ HTTP/1.1" 200 7606
2018-08-23 23:40:03,188 [INFO] [Thread-5:123145552367616] [django.server:124] [basehttp:log_message] [basehttp.py:124]- "GET /admin/jsi18n/ HTTP/1.1" 200 7684
2018-08-23 23:40:21,759 [INFO] [Thread-6:123145552367616] [django.server:124] [basehttp:log_message] [basehttp.py:124]- "POST /admin/mam/mammatgroup/add/ HTTP/1.1" 200 7606
2018-08-23 23:40:21,782 [INFO] [Thread-7:123145552367616] [django.server:124] [basehttp:log_message] [basehttp.py:124]- "GET /admin/jsi18n/ HTTP/1.1" 200 7684
2018-08-23 23:40:41,224 [INFO] [Thread-2:123145418715136] [django.server:124] [basehttp:log_message] [basehttp.py:124]- "POST /admin/mam/mammatgroup/add/ HTTP/1.1" 200 7606
2018-08-23 23:40:41,249 [INFO] [Thread-3:123145418715136] [django.server:124] [basehttp:log_message] [basehttp.py:124]- "GET /admin/jsi18n/ HTTP/1.1" 200 7684
2018-08-23 23:40:48,366 [INFO] [Thread-5:123145423970304] [django.server:124] [basehttp:log_message] [basehttp.py:124]- "GET /admin/jsi18n/ HTTP/1.1" 200 7684
2018-08-23 23:40:48,394 [INFO] [Thread-4:123145418715136] [django.server:124] [basehttp:log_message] [basehttp.py:124]- "GET /admin/mam/mammatgroup/ HTTP/1.1" 200 3281
2018-08-23 23:40:50,158 [INFO] [Thread-7:123145423970304] [django.server:124] [basehttp:log_message] [basehttp.py:124]- "GET /admin/jsi18n/ HTTP/1.1" 200 7684
2018-08-23 23:40:50,198 [INFO] [Thread-6:123145418715136] [django.server:124] [basehttp:log_message] [basehttp.py:124]- "GET /admin/mam/mammatgroup/add/ HTTP/1.1" 200 7439
2018-08-23 23:40:57,082 [INFO] [Thread-8:123145418715136] [django.server:124] [basehttp:log_message] [basehttp.py:124]- "POST /admin/mam/mammatgroup/add/ HTTP/1.1" 200 7604
2018-08-23 23:40:57,104 [INFO] [Thread-9:123145418715136] [django.server:124] [basehttp:log_message] [basehttp.py:124]- "GET /admin/jsi18n/ HTTP/1.1" 200 7684
2018-08-23 23:41:20,735 [INFO] [Thread-2:123145321631744] [django.server:124] [basehttp:log_message] [basehttp.py:124]- "POST /admin/mam/mammatgroup/add/ HTTP/1.1" 302 0
2018-08-23 23:41:20,857 [INFO] [Thread-3:123145321631744] [django.server:124] [basehttp:log_message] [basehttp.py:124]- "GET /admin/mam/mammatgroup/add/ HTTP/1.1" 200 7712
2018-08-23 23:41:20,922 [INFO] [Thread-4:123145321631744] [django.server:124] [basehttp:log_message] [basehttp.py:124]- "GET /admin/jsi18n/ HTTP/1.1" 200 7684
2018-08-23 23:41:20,948 [INFO] [Thread-5:123145321631744] [django.server:124] [basehttp:log_message] [basehttp.py:124]- "GET /static/admin/img/icon-yes.svg HTTP/1.1" 304 0
2018-08-23 23:41:29,025 [INFO] [Thread-6:123145321631744] [django.server:124] [basehttp:log_message] [basehttp.py:124]- "POST /admin/mam/mammatgroup/add/ HTTP/1.1" 302 0
2018-08-23 23:41:29,120 [INFO] [Thread-7:123145321631744] [django.server:124] [basehttp:log_message] [basehttp.py:124]- "GET /admin/mam/mammatgroup/add/ HTTP/1.1" 200 7765
2018-08-23 23:41:29,151 [INFO] [Thread-8:123145321631744] [django.server:124] [basehttp:log_message] [basehttp.py:124]- "GET /admin/jsi18n/ HTTP/1.1" 200 7684
2018-08-23 23:41:35,591 [INFO] [Thread-9:123145321631744] [django.server:124] [basehttp:log_message] [basehttp.py:124]- "POST /admin/mam/mammatgroup/add/ HTTP/1.1" 302 0
2018-08-23 23:41:35,649 [INFO] [Thread-10:123145321631744] [django.server:124] [basehttp:log_message] [basehttp.py:124]- "GET /admin/mam/mammatgroup/add/ HTTP/1.1" 200 7818
2018-08-23 23:41:35,670 [INFO] [Thread-11:123145321631744] [django.server:124] [basehttp:log_message] [basehttp.py:124]- "GET /admin/jsi18n/ HTTP/1.1" 200 7684
2018-08-23 23:41:39,766 [INFO] [Thread-12:123145321631744] [django.server:124] [basehttp:log_message] [basehttp.py:124]- "GET /mam/matgroups/ HTTP/1.1" 200 656
2018-08-24 07:01:14,140 [INFO] [Thread-13:123145321631744] [django.server:124] [basehttp:log_message] [basehttp.py:124]- "GET /mam/matgroups/1 HTTP/1.1" 301 0
2018-08-24 07:01:14,217 [ERROR] [Thread-14:123145321631744] [django.server:124] [basehttp:log_message] [basehttp.py:124]- "GET /mam/matgroups/1/ HTTP/1.1" 500 68331
2018-08-24 07:01:14,356 [WARNING] [Thread-15:123145321631744] [django.server:124] [basehttp:log_message] [basehttp.py:124]- "GET /favicon.ico HTTP/1.1" 404 2074
2018-08-24 07:04:13,269 [ERROR] [Thread-2:123145474330624] [django.server:124] [basehttp:log_message] [basehttp.py:124]- "GET /mam/matgroups/1/ HTTP/1.1" 500 97869
2018-08-24 07:07:24,593 [INFO] [Thread-2:123145328349184] [django.server:124] [basehttp:log_message] [basehttp.py:124]- "GET /mam/matgroups/1/ HTTP/1.1" 200 310
2018-08-24 08:09:03,458 [INFO] [Thread-2:123145528877056] [django.server:124] [basehttp:log_message] [basehttp.py:124]- "GET /mam/matgroups/1/ HTTP/1.1" 200 310
2018-08-24 15:17:32,245 [INFO] [Thread-2:123145436614656] [django.server:124] [basehttp:log_message] [basehttp.py:124]- "GET /admin/mam/ HTTP/1.1" 200 5776
2018-08-24 15:17:32,287 [WARNING] [Thread-3:123145436614656] [django.server:124] [basehttp:log_message] [basehttp.py:124]- "GET /favicon.ico HTTP/1.1" 404 2074
2018-08-24 15:17:37,853 [INFO] [Thread-4:123145436614656] [django.server:124] [basehttp:log_message] [basehttp.py:124]- "GET /admin/mam/mammatgroupuser/add/ HTTP/1.1" 200 7164
2018-08-24 15:17:37,891 [INFO] [Thread-5:123145436614656] [django.server:124] [basehttp:log_message] [basehttp.py:124]- "GET /admin/jsi18n/ HTTP/1.1" 200 7684
2018-08-24 15:17:37,942 [WARNING] [Thread-6:123145436614656] [django.server:124] [basehttp:log_message] [basehttp.py:124]- "GET /favicon.ico HTTP/1.1" 404 2074
2018-08-24 15:17:50,135 [INFO] [Thread-7:123145436614656] [django.server:124] [basehttp:log_message] [basehttp.py:124]- "POST /admin/mam/mammatgroupuser/add/ HTTP/1.1" 200 7449
2018-08-24 15:17:50,163 [INFO] [Thread-8:123145436614656] [django.server:124] [basehttp:log_message] [basehttp.py:124]- "GET /admin/jsi18n/ HTTP/1.1" 200 7684
2018-08-24 15:18:03,130 [INFO] [Thread-9:123145436614656] [django.server:124] [basehttp:log_message] [basehttp.py:124]- "POST /admin/mam/mammatgroupuser/add/ HTTP/1.1" 302 0
2018-08-24 15:18:03,202 [INFO] [Thread-10:123145436614656] [django.server:124] [basehttp:log_message] [basehttp.py:124]- "GET /admin/mam/mammatgroupuser/add/ HTTP/1.1" 200 7428
2018-08-24 15:18:03,230 [INFO] [Thread-11:123145436614656] [django.server:124] [basehttp:log_message] [basehttp.py:124]- "GET /admin/jsi18n/ HTTP/1.1" 200 7684
2018-08-24 15:18:22,237 [INFO] [Thread-12:123145436614656] [django.server:124] [basehttp:log_message] [basehttp.py:124]- "POST /admin/mam/mammatgroupuser/add/ HTTP/1.1" 302 0
2018-08-24 15:18:22,302 [INFO] [Thread-13:123145436614656] [django.server:124] [basehttp:log_message] [basehttp.py:124]- "GET /admin/mam/mammatgroupuser/add/ HTTP/1.1" 200 7428
2018-08-24 15:18:22,330 [INFO] [Thread-14:123145436614656] [django.server:124] [basehttp:log_message] [basehttp.py:124]- "GET /admin/jsi18n/ HTTP/1.1" 200 7684
2018-08-24 15:18:45,437 [INFO] [Thread-15:123145436614656] [django.server:124] [basehttp:log_message] [basehttp.py:124]- "POST /admin/mam/mammatgroupuser/add/ HTTP/1.1" 302 0
2018-08-24 15:18:45,503 [INFO] [Thread-16:123145436614656] [django.server:124] [basehttp:log_message] [basehttp.py:124]- "GET /admin/mam/mammatgroupuser/ HTTP/1.1" 200 5197
2018-08-24 15:18:45,533 [INFO] [Thread-17:123145436614656] [django.server:124] [basehttp:log_message] [basehttp.py:124]- "GET /admin/jsi18n/ HTTP/1.1" 200 7684
2018-08-24 15:18:45,592 [WARNING] [Thread-18:123145436614656] [django.server:124] [basehttp:log_message] [basehttp.py:124]- "GET /favicon.ico HTTP/1.1" 404 2074
2018-08-24 15:18:55,096 [INFO] [Thread-19:123145436614656] [django.server:124] [basehttp:log_message] [basehttp.py:124]- "GET /mam/matgroups/ HTTP/1.1" 200 656
2018-08-24 15:19:04,666 [INFO] [Thread-20:123145436614656] [django.server:124] [basehttp:log_message] [basehttp.py:124]- "GET /mam/matgroups/users/nutwu HTTP/1.1" 301 0
2018-08-24 15:19:04,692 [INFO] [Thread-21:123145436614656] [django.server:124] [basehttp:log_message] [basehttp.py:124]- "GET /mam/matgroups/users/nutwu/ HTTP/1.1" 200 483
2018-08-24 15:19:04,730 [WARNING] [Thread-22:123145436614656] [django.server:124] [basehttp:log_message] [basehttp.py:124]- "GET /favicon.ico HTTP/1.1" 404 2074
2018-08-24 16:07:17,154 [WARNING] [Thread-2:123145540210688] [django.server:124] [basehttp:log_message] [basehttp.py:124]- "GET / HTTP/1.1" 404 2023
2018-08-24 16:07:22,213 [WARNING] [Thread-3:123145540210688] [django.server:124] [basehttp:log_message] [basehttp.py:124]- "GET / HTTP/1.1" 404 2023
2018-08-24 16:07:24,806 [WARNING] [Thread-4:123145540210688] [django.server:124] [basehttp:log_message] [basehttp.py:124]- "GET /mam/meterials HTTP/1.1" 404 4563
2018-08-24 16:07:27,264 [WARNING] [Thread-5:123145540210688] [django.server:124] [basehttp:log_message] [basehttp.py:124]- "GET /mam/meterials HTTP/1.1" 404 4563
2018-08-24 16:07:32,334 [WARNING] [Thread-6:123145540210688] [django.server:124] [basehttp:log_message] [basehttp.py:124]- "GET /mam/meterials/ HTTP/1.1" 404 4566
2018-08-24 16:07:42,546 [WARNING] [Thread-7:123145540210688] [django.server:124] [basehttp:log_message] [basehttp.py:124]- "GET /mam/meterials HTTP/1.1" 404 4563
2018-08-24 16:07:45,297 [WARNING] [Thread-8:123145540210688] [django.server:124] [basehttp:log_message] [basehttp.py:124]- "GET /mam/meterials HTTP/1.1" 404 4563
2018-08-24 16:07:48,659 [INFO] [Thread-9:123145540210688] [django.server:124] [basehttp:log_message] [basehttp.py:124]- "GET /mam/matgroups/ HTTP/1.1" 200 656
2018-08-24 16:07:49,172 [INFO] [Thread-10:123145540210688] [django.server:124] [basehttp:log_message] [basehttp.py:124]- "GET /mam/matgroups/ HTTP/1.1" 200 656
2018-08-24 16:08:01,772 [INFO] [Thread-11:123145540210688] [django.server:124] [basehttp:log_message] [basehttp.py:124]- "GET /mam/matgroups/users/nutwu/ HTTP/1.1" 200 483
2018-08-24 16:08:03,392 [INFO] [Thread-12:123145540210688] [django.server:124] [basehttp:log_message] [basehttp.py:124]- "GET /mam/matgroups/ HTTP/1.1" 200 656
2018-08-24 16:08:04,333 [WARNING] [Thread-13:123145540210688] [django.server:124] [basehttp:log_message] [basehttp.py:124]- "GET /mam/meterials HTTP/1.1" 404 4563
2018-08-24 16:08:05,103 [WARNING] [Thread-14:123145540210688] [django.server:124] [basehttp:log_message] [basehttp.py:124]- "GET / HTTP/1.1" 404 2023
2018-08-24 16:08:05,579 [INFO] [Thread-15:123145540210688] [django.server:124] [basehttp:log_message] [basehttp.py:124]- "GET /admin/ HTTP/1.1" 200 21108
2018-08-24 16:08:06,058 [INFO] [Thread-16:123145540210688] [django.server:124] [basehttp:log_message] [basehttp.py:124]- "GET /admin/ HTTP/1.1" 200 21108
2018-08-24 16:08:10,398 [INFO] [Thread-17:123145540210688] [django.server:124] [basehttp:log_message] [basehttp.py:124]- "GET /admin/mam/mammatgroupuser/ HTTP/1.1" 200 4994
2018-08-24 16:08:10,428 [INFO] [Thread-18:123145540210688] [django.server:124] [basehttp:log_message] [basehttp.py:124]- "GET /admin/jsi18n/ HTTP/1.1" 200 7684
2018-08-24 16:08:13,886 [INFO] [Thread-19:123145540210688] [django.server:124] [basehttp:log_message] [basehttp.py:124]- "GET /admin/mam/mammatgrouptask/ HTTP/1.1" 200 3314
2018-08-24 16:08:13,954 [INFO] [Thread-20:123145540210688] [django.server:124] [basehttp:log_message] [basehttp.py:124]- "GET /admin/jsi18n/ HTTP/1.1" 200 7684
2018-08-24 16:08:13,981 [WARNING] [Thread-21:123145540210688] [django.server:124] [basehttp:log_message] [basehttp.py:124]- "GET /favicon.ico HTTP/1.1" 404 2074
2018-08-24 16:08:15,613 [INFO] [Thread-22:123145540210688] [django.server:124] [basehttp:log_message] [basehttp.py:124]- "GET /admin/mam/mammatgrouptask/add/ HTTP/1.1" 200 7210
2018-08-24 16:08:15,641 [INFO] [Thread-23:123145540210688] [django.server:124] [basehttp:log_message] [basehttp.py:124]- "GET /admin/jsi18n/ HTTP/1.1" 200 7684
2018-08-24 16:08:15,840 [WARNING] [Thread-24:123145540210688] [django.server:124] [basehttp:log_message] [basehttp.py:124]- "GET /favicon.ico HTTP/1.1" 404 2074
2018-08-24 16:08:36,286 [INFO] [Thread-25:123145540210688] [django.server:124] [basehttp:log_message] [basehttp.py:124]- "POST /admin/mam/mammatgrouptask/add/ HTTP/1.1" 200 7380
2018-08-24 16:08:36,313 [INFO] [Thread-26:123145540210688] [django.server:124] [basehttp:log_message] [basehttp.py:124]- "GET /admin/jsi18n/ HTTP/1.1" 200 7684
2018-08-24 16:08:42,290 [INFO] [Thread-27:123145540210688] [django.server:124] [basehttp:log_message] [basehttp.py:124]- "POST /admin/mam/mammatgrouptask/add/ HTTP/1.1" 200 7380
2018-08-24 16:08:42,318 [INFO] [Thread-28:123145540210688] [django.server:124] [basehttp:log_message] [basehttp.py:124]- "GET /admin/jsi18n/ HTTP/1.1" 200 7684
2018-08-24 16:08:50,573 [INFO] [Thread-29:123145540210688] [django.server:124] [basehttp:log_message] [basehttp.py:124]- "POST /admin/mam/mammatgrouptask/add/ HTTP/1.1" 200 7380
2018-08-24 16:08:50,601 [INFO] [Thread-30:123145540210688] [django.server:124] [basehttp:log_message] [basehttp.py:124]- "GET /admin/jsi18n/ HTTP/1.1" 200 7684
2018-08-24 16:12:21,768 [INFO] [Thread-2:123145315880960] [django.server:124] [basehttp:log_message] [basehttp.py:124]- "POST /admin/mam/mammatgrouptask/add/ HTTP/1.1" 200 7334
2018-08-24 16:12:21,807 [INFO] [Thread-3:123145315880960] [django.server:124] [basehttp:log_message] [basehttp.py:124]- "GET /admin/jsi18n/ HTTP/1.1" 200 7684
2018-08-24 16:12:27,122 [INFO] [Thread-4:123145315880960] [django.server:124] [basehttp:log_message] [basehttp.py:124]- "POST /admin/mam/mammatgrouptask/add/ HTTP/1.1" 200 7334
2018-08-24 16:12:27,154 [INFO] [Thread-5:123145315880960] [django.server:124] [basehttp:log_message] [basehttp.py:124]- "GET /admin/jsi18n/ HTTP/1.1" 200 7684
2018-08-24 16:12:32,164 [ERROR] [Thread-6:123145315880960] [django.server:124] [basehttp:log_message] [basehttp.py:124]- "POST /admin/mam/mammatgrouptask/add/ HTTP/1.1" 500 262343
2018-08-24 16:16:48,404 [INFO] [Thread-7:123145315880960] [django.server:124] [basehttp:log_message] [basehttp.py:124]- "POST /admin/mam/mammatgrouptask/add/ HTTP/1.1" 302 0
2018-08-24 16:16:48,466 [INFO] [Thread-8:123145315880960] [django.server:124] [basehttp:log_message] [basehttp.py:124]- "GET /admin/mam/mammatgrouptask/add/ HTTP/1.1" 200 7428
2018-08-24 16:16:48,496 [INFO] [Thread-9:123145315880960] [django.server:124] [basehttp:log_message] [basehttp.py:124]- "GET /admin/jsi18n/ HTTP/1.1" 200 7684
2018-08-24 16:17:06,860 [INFO] [Thread-10:123145315880960] [django.server:124] [basehttp:log_message] [basehttp.py:124]- "POST /admin/mam/mammatgrouptask/add/ HTTP/1.1" 302 0
2018-08-24 16:17:06,969 [INFO] [Thread-11:123145315880960] [django.server:124] [basehttp:log_message] [basehttp.py:124]- "GET /admin/mam/mammatgrouptask/add/ HTTP/1.1" 200 7428
2018-08-24 16:17:07,034 [INFO] [Thread-12:123145315880960] [django.server:124] [basehttp:log_message] [basehttp.py:124]- "GET /admin/jsi18n/ HTTP/1.1" 200 7684
2018-08-24 16:17:29,280 [WARNING] [Thread-13:123145315880960] [django.server:124] [basehttp:log_message] [basehttp.py:124]- "GET /mam/matgroups/task/hahaha HTTP/1.1" 404 4599
2018-08-24 16:17:29,339 [WARNING] [Thread-14:123145315880960] [django.server:124] [basehttp:log_message] [basehttp.py:124]- "GET /favicon.ico HTTP/1.1" 404 2074
2018-08-24 16:17:39,982 [INFO] [Thread-15:123145315880960] [django.server:124] [basehttp:log_message] [basehttp.py:124]- "GET /mam/matgroups/tasks/hahaha HTTP/1.1" 301 0
2018-08-24 16:17:40,057 [INFO] [Thread-16:123145315880960] [django.server:124] [basehttp:log_message] [basehttp.py:124]- "GET /mam/matgroups/tasks/hahaha/ HTTP/1.1" 200 483
2018-08-24 16:17:40,081 [WARNING] [Thread-17:123145315880960] [django.server:124] [basehttp:log_message] [basehttp.py:124]- "GET /favicon.ico HTTP/1.1" 404 2074
2018-08-24 19:43:22,776 [WARNING] [Thread-2:123145520140288] [django.server:124] [basehttp:log_message] [basehttp.py:124]- "GET / HTTP/1.1" 404 2023
2018-08-24 19:43:27,665 [WARNING] [Thread-3:123145520140288] [django.server:124] [basehttp:log_message] [basehttp.py:124]- "GET / HTTP/1.1" 404 2023
2018-08-24 19:43:28,517 [WARNING] [Thread-4:123145520140288] [django.server:124] [basehttp:log_message] [basehttp.py:124]- "GET /damin HTTP/1.1" 404 2056
2018-08-24 19:43:30,228 [INFO] [Thread-5:123145520140288] [django.server:124] [basehttp:log_message] [basehttp.py:124]- "GET /admin/ HTTP/1.1" 200 21752
2018-08-24 19:43:30,717 [INFO] [Thread-6:123145520140288] [django.server:124] [basehttp:log_message] [basehttp.py:124]- "GET /admin/ HTTP/1.1" 200 21752
2018-08-24 19:45:28,246 [INFO] [Thread-7:123145520140288] [django.server:124] [basehttp:log_message] [basehttp.py:124]- "GET /admin/mam/mammaterial/add/ HTTP/1.1" 200 14488
2018-08-24 19:45:28,263 [INFO] [Thread-10:123145530650624] [django.server:124] [basehttp:log_message] [basehttp.py:124]- "GET /static/admin/js/calendar.js HTTP/1.1" 304 0
2018-08-24 19:45:28,264 [INFO] [Thread-9:123145525395456] [django.server:124] [basehttp:log_message] [basehttp.py:124]- "GET /static/admin/js/admin/DateTimeShortcuts.js HTTP/1.1" 200 20283
2018-08-24 19:45:28,275 [INFO] [Thread-8:123145520140288] [django.server:124] [basehttp:log_message] [basehttp.py:124]- "GET /admin/jsi18n/ HTTP/1.1" 200 7684
2018-08-24 19:45:28,436 [INFO] [Thread-12:123145525395456] [django.server:124] [basehttp:log_message] [basehttp.py:124]- "GET /static/admin/img/icon-clock.svg HTTP/1.1" 200 677
2018-08-24 19:45:28,436 [INFO] [Thread-11:123145520140288] [django.server:124] [basehttp:log_message] [basehttp.py:124]- "GET /static/admin/img/icon-calendar.svg HTTP/1.1" 200 1086
2018-08-24 19:45:28,438 [WARNING] [Thread-13:123145530650624] [django.server:124] [basehttp:log_message] [basehttp.py:124]- "GET /favicon.ico HTTP/1.1" 404 2074
2018-08-24 19:48:17,928 [INFO] [Thread-14:123145520140288] [django.server:124] [basehttp:log_message] [basehttp.py:124]- "POST /admin/mam/mammaterial/add/ HTTP/1.1" 302 0
2018-08-24 19:48:18,099 [INFO] [Thread-15:123145520140288] [django.server:124] [basehttp:log_message] [basehttp.py:124]- "GET /admin/mam/mammaterial/add/ HTTP/1.1" 200 14734
2018-08-24 19:48:18,157 [INFO] [Thread-16:123145520140288] [django.server:124] [basehttp:log_message] [basehttp.py:124]- "GET /admin/jsi18n/ HTTP/1.1" 200 7684
2018-08-24 19:49:25,090 [INFO] [Thread-17:123145520140288] [django.server:124] [basehttp:log_message] [basehttp.py:124]- "POST /admin/mam/mammaterial/add/ HTTP/1.1" 302 0
2018-08-24 19:49:25,224 [INFO] [Thread-18:123145520140288] [django.server:124] [basehttp:log_message] [basehttp.py:124]- "GET /admin/mam/mammaterial/add/ HTTP/1.1" 200 14734
2018-08-24 19:49:25,249 [INFO] [Thread-19:123145520140288] [django.server:124] [basehttp:log_message] [basehttp.py:124]- "GET /admin/jsi18n/ HTTP/1.1" 200 7684
2018-08-24 19:53:45,859 [WARNING] [Thread-20:123145520140288] [django.server:124] [basehttp:log_message] [basehttp.py:124]- "GET / HTTP/1.1" 404 2023
2018-08-24 19:53:50,470 [WARNING] [Thread-21:123145520140288] [django.server:124] [basehttp:log_message] [basehttp.py:124]- "GET / HTTP/1.1" 404 2023
2018-08-24 19:53:51,251 [WARNING] [Thread-22:123145520140288] [django.server:124] [basehttp:log_message] [basehttp.py:124]- "GET /mam/meterials HTTP/1.1" 404 4563
2018-08-24 19:53:54,783 [WARNING] [Thread-23:123145520140288] [django.server:124] [basehttp:log_message] [basehttp.py:124]- "GET /mam/meterials HTTP/1.1" 404 4563
2018-08-24 19:53:57,227 [WARNING] [Thread-24:123145520140288] [django.server:124] [basehttp:log_message] [basehttp.py:124]- "GET /mam/meterials HTTP/1.1" 404 4563
2018-08-24 19:53:57,522 [WARNING] [Thread-25:123145520140288] [django.server:124] [basehttp:log_message] [basehttp.py:124]- "GET / HTTP/1.1" 404 2023
2018-08-24 19:53:58,169 [INFO] [Thread-26:123145520140288] [django.server:124] [basehttp:log_message] [basehttp.py:124]- "GET /admin/ HTTP/1.1" 200 22370
2018-08-24 19:53:59,392 [WARNING] [Thread-27:123145520140288] [django.server:124] [basehttp:log_message] [basehttp.py:124]- "GET /mam/meterials HTTP/1.1" 404 4563
2018-08-24 19:54:05,520 [INFO] [Thread-28:123145520140288] [django.server:124] [basehttp:log_message] [basehttp.py:124]- "GET /mam/materials HTTP/1.1" 301 0
2018-08-24 19:54:05,546 [INFO] [Thread-29:123145520140288] [django.server:124] [basehttp:log_message] [basehttp.py:124]- "GET /mam/materials/ HTTP/1.1" 200 1247
2018-08-24 19:54:05,593 [WARNING] [Thread-30:123145520140288] [django.server:124] [basehttp:log_message] [basehttp.py:124]- "GET /favicon.ico HTTP/1.1" 404 2074
2018-08-24 19:54:32,784 [INFO] [Thread-31:123145520140288] [django.server:124] [basehttp:log_message] [basehttp.py:124]- "GET /mam/materials/1 HTTP/1.1" 301 0
2018-08-24 19:54:32,838 [ERROR] [Thread-32:123145520140288] [django.server:124] [basehttp:log_message] [basehttp.py:124]- "GET /mam/materials/1/ HTTP/1.1" 500 68441
2018-08-24 19:54:32,960 [WARNING] [Thread-33:123145520140288] [django.server:124] [basehttp:log_message] [basehttp.py:124]- "GET /favicon.ico HTTP/1.1" 404 2074
2018-08-24 20:07:00,299 [INFO] [Thread-2:123145445453824] [django.server:124] [basehttp:log_message] [basehttp.py:124]- "GET /mam/materials/1/ HTTP/1.1" 200 693
2018-08-24 20:13:09,101 [WARNING] [Thread-2:123145328078848] [django.server:124] [basehttp:log_message] [basehttp.py:124]- "GET / HTTP/1.1" 404 2023
2018-08-24 20:13:12,779 [WARNING] [Thread-3:123145328078848] [django.server:124] [basehttp:log_message] [basehttp.py:124]- "GET / HTTP/1.1" 404 2023
2018-08-24 20:13:13,664 [INFO] [Thread-4:123145328078848] [django.server:124] [basehttp:log_message] [basehttp.py:124]- "GET /admin/ HTTP/1.1" 200 22370
2018-08-24 20:13:14,178 [INFO] [Thread-5:123145328078848] [django.server:124] [basehttp:log_message] [basehttp.py:124]- "GET /admin/ HTTP/1.1" 200 22370
2018-08-24 20:13:55,854 [INFO] [Thread-6:123145328078848] [django.server:124] [basehttp:log_message] [basehttp.py:124]- "GET /admin/mam/mammatgroupmat/ HTTP/1.1" 200 3307
2018-08-24 20:13:55,891 [INFO] [Thread-7:123145328078848] [django.server:124] [basehttp:log_message] [basehttp.py:124]- "GET /admin/jsi18n/ HTTP/1.1" 200 7684
2018-08-24 20:13:55,967 [WARNING] [Thread-8:123145328078848] [django.server:124] [basehttp:log_message] [basehttp.py:124]- "GET /favicon.ico HTTP/1.1" 404 2074
2018-08-24 20:13:58,102 [INFO] [Thread-9:123145328078848] [django.server:124] [basehttp:log_message] [basehttp.py:124]- "GET /admin/mam/mammatgroupmat/add/ HTTP/1.1" 200 6585
2018-08-24 20:13:58,146 [INFO] [Thread-10:123145328078848] [django.server:124] [basehttp:log_message] [basehttp.py:124]- "GET /admin/jsi18n/ HTTP/1.1" 200 7684
2018-08-24 20:13:58,254 [WARNING] [Thread-11:123145328078848] [django.server:124] [basehttp:log_message] [basehttp.py:124]- "GET /favicon.ico HTTP/1.1" 404 2074
2018-08-24 20:14:06,471 [INFO] [Thread-12:123145328078848] [django.server:124] [basehttp:log_message] [basehttp.py:124]- "POST /admin/mam/mammatgroupmat/add/ HTTP/1.1" 302 0
2018-08-24 20:14:06,529 [INFO] [Thread-13:123145328078848] [django.server:124] [basehttp:log_message] [basehttp.py:124]- "GET /admin/mam/mammatgroupmat/add/ HTTP/1.1" 200 6845
2018-08-24 20:14:06,554 [INFO] [Thread-14:123145328078848] [django.server:124] [basehttp:log_message] [basehttp.py:124]- "GET /admin/jsi18n/ HTTP/1.1" 200 7684
2018-08-24 20:14:13,183 [INFO] [Thread-15:123145328078848] [django.server:124] [basehttp:log_message] [basehttp.py:124]- "POST /admin/mam/mammatgroupmat/add/ HTTP/1.1" 302 0
2018-08-24 20:14:13,238 [INFO] [Thread-16:123145328078848] [django.server:124] [basehttp:log_message] [basehttp.py:124]- "GET /admin/mam/mammatgroupmat/add/ HTTP/1.1" 200 6845
2018-08-24 20:14:13,265 [INFO] [Thread-17:123145328078848] [django.server:124] [basehttp:log_message] [basehttp.py:124]- "GET /admin/jsi18n/ HTTP/1.1" 200 7684
2018-08-24 20:14:19,398 [INFO] [Thread-18:123145328078848] [django.server:124] [basehttp:log_message] [basehttp.py:124]- "POST /admin/mam/mammatgroupmat/add/ HTTP/1.1" 302 0
2018-08-24 20:14:19,452 [INFO] [Thread-19:123145328078848] [django.server:124] [basehttp:log_message] [basehttp.py:124]- "GET /admin/mam/mammatgroupmat/add/ HTTP/1.1" 200 6845
2018-08-24 20:14:19,474 [INFO] [Thread-20:123145328078848] [django.server:124] [basehttp:log_message] [basehttp.py:124]- "GET /admin/jsi18n/ HTTP/1.1" 200 7684
2018-08-24 20:14:25,186 [INFO] [Thread-21:123145328078848] [django.server:124] [basehttp:log_message] [basehttp.py:124]- "POST /admin/mam/mammatgroupmat/add/ HTTP/1.1" 302 0
2018-08-24 20:14:25,240 [INFO] [Thread-22:123145328078848] [django.server:124] [basehttp:log_message] [basehttp.py:124]- "GET /admin/mam/mammatgroupmat/add/ HTTP/1.1" 200 6845
2018-08-24 20:14:25,263 [INFO] [Thread-23:123145328078848] [django.server:124] [basehttp:log_message] [basehttp.py:124]- "GET /admin/jsi18n/ HTTP/1.1" 200 7684
2018-08-24 20:14:27,184 [INFO] [Thread-24:123145328078848] [django.server:124] [basehttp:log_message] [basehttp.py:124]- "GET /admin/mam/mammatgroupmat/ HTTP/1.1" 200 5224
2018-08-24 20:14:27,206 [INFO] [Thread-25:123145328078848] [django.server:124] [basehttp:log_message] [basehttp.py:124]- "GET /admin/jsi18n/ HTTP/1.1" 200 7684
2018-08-24 20:14:28,239 [INFO] [Thread-26:123145328078848] [django.server:124] [basehttp:log_message] [basehttp.py:124]- "GET /admin/mam/ HTTP/1.1" 200 5776
2018-08-24 20:14:31,328 [INFO] [Thread-27:123145328078848] [django.server:124] [basehttp:log_message] [basehttp.py:124]- "GET /admin/mam/mammaterial/ HTTP/1.1" 200 4688
2018-08-24 20:14:31,357 [INFO] [Thread-28:123145328078848] [django.server:124] [basehttp:log_message] [basehttp.py:124]- "GET /admin/jsi18n/ HTTP/1.1" 200 7684
2018-08-24 20:14:31,387 [WARNING] [Thread-29:123145328078848] [django.server:124] [basehttp:log_message] [basehttp.py:124]- "GET /favicon.ico HTTP/1.1" 404 2074
2018-08-24 20:14:34,679 [INFO] [Thread-30:123145328078848] [django.server:124] [basehttp:log_message] [basehttp.py:124]- "GET /admin/mam/mammaterial/add/ HTTP/1.1" 200 14488
2018-08-24 20:14:34,701 [INFO] [Thread-31:123145328078848] [django.server:124] [basehttp:log_message] [basehttp.py:124]- "GET /admin/jsi18n/ HTTP/1.1" 200 7684
2018-08-24 20:16:05,671 [INFO] [Thread-32:123145328078848] [django.server:124] [basehttp:log_message] [basehttp.py:124]- "POST /admin/mam/mammaterial/add/ HTTP/1.1" 302 0
2018-08-24 20:16:05,757 [INFO] [Thread-33:123145328078848] [django.server:124] [basehttp:log_message] [basehttp.py:124]- "GET /admin/mam/mammaterial/add/ HTTP/1.1" 200 14734
2018-08-24 20:16:05,787 [INFO] [Thread-34:123145328078848] [django.server:124] [basehttp:log_message] [basehttp.py:124]- "GET /admin/jsi18n/ HTTP/1.1" 200 7684
2018-08-24 20:17:59,205 [INFO] [Thread-35:123145328078848] [django.server:124] [basehttp:log_message] [basehttp.py:124]- "POST /admin/mam/mammaterial/add/ HTTP/1.1" 302 0
2018-08-24 20:17:59,264 [INFO] [Thread-36:123145328078848] [django.server:124] [basehttp:log_message] [basehttp.py:124]- "GET /admin/mam/mammaterial/ HTTP/1.1" 200 5356
2018-08-24 20:17:59,294 [INFO] [Thread-37:123145328078848] [django.server:124] [basehttp:log_message] [basehttp.py:124]- "GET /admin/jsi18n/ HTTP/1.1" 200 7684
2018-08-24 20:18:24,157 [INFO] [Thread-38:123145328078848] [django.server:124] [basehttp:log_message] [basehttp.py:124]- "GET /admin/mam/ HTTP/1.1" 200 5776
2018-08-24 20:18:25,115 [INFO] [Thread-39:123145328078848] [django.server:124] [basehttp:log_message] [basehttp.py:124]- "GET /admin/ HTTP/1.1" 200 22371
2018-08-24 20:18:45,785 [INFO] [Thread-40:123145328078848] [django.server:124] [basehttp:log_message] [basehttp.py:124]- "GET /mam/materials/1/ HTTP/1.1" 200 693
2018-08-24 20:18:51,369 [WARNING] [Thread-41:123145328078848] [django.server:124] [basehttp:log_message] [basehttp.py:124]- "GET /mam/materials/groups/1 HTTP/1.1" 404 4590
2018-08-24 20:18:51,396 [WARNING] [Thread-42:123145328078848] [django.server:124] [basehttp:log_message] [basehttp.py:124]- "GET /favicon.ico HTTP/1.1" 404 2074
2018-08-24 20:19:35,769 [INFO] [Thread-43:123145328078848] [django.server:124] [basehttp:log_message] [basehttp.py:124]- "GET /mam/materials/matgroups/1 HTTP/1.1" 301 0
2018-08-24 20:19:35,822 [ERROR] [Thread-44:123145328078848] [django.server:124] [basehttp:log_message] [basehttp.py:124]- "GET /mam/materials/matgroups/1/ HTTP/1.1" 500 72359
2018-08-24 20:19:35,878 [WARNING] [Thread-45:123145328078848] [django.server:124] [basehttp:log_message] [basehttp.py:124]- "GET /favicon.ico HTTP/1.1" 404 2074
2018-08-24 20:21:06,361 [ERROR] [Thread-46:123145328078848] [django.server:124] [basehttp:log_message] [basehttp.py:124]- "GET /mam/materials/matgroups/1/ HTTP/1.1" 500 72359
2018-08-24 20:21:07,767 [ERROR] [Thread-47:123145328078848] [django.server:124] [basehttp:log_message] [basehttp.py:124]- "GET /mam/materials/matgroups/1/ HTTP/1.1" 500 72359
2018-08-24 20:31:38,300 [ERROR] [Thread-2:123145537523712] [django.server:124] [basehttp:log_message] [basehttp.py:124]- "GET /mam/materials/matgroups/1/ HTTP/1.1" 500 72395
2018-08-24 20:31:54,114 [ERROR] [Thread-2:123145363030016] [django.server:124] [basehttp:log_message] [basehttp.py:124]- "GET /mam/materials/matgroups/1/ HTTP/1.1" 500 72389
2018-08-24 20:43:01,403 [ERROR] [Thread-2:123145404989440] [django.server:124] [basehttp:log_message] [basehttp.py:124]- "GET /mam/materials/matgroups/1/ HTTP/1.1" 500 72389
2018-08-24 20:45:22,443 [ERROR] [Thread-2:123145439522816] [django.server:124] [basehttp:log_message] [basehttp.py:124]- "GET /mam/materials/matgroups/1/ HTTP/1.1" 500 72395
2018-08-24 20:53:42,877 [ERROR] [Thread-2:123145505669120] [django.server:124] [basehttp:log_message] [basehttp.py:124]- "GET /mam/materials/matgroups/1/ HTTP/1.1" 500 72267
2018-08-24 21:06:47,184 [ERROR] [Thread-2:123145536962560] [django.server:124] [basehttp:log_message] [basehttp.py:124]- "GET /mam/materials/matgroups/1/ HTTP/1.1" 500 72267
2018-08-24 21:12:42,603 [ERROR] [Thread-3:123145536962560] [django.server:124] [basehttp:log_message] [basehttp.py:124]- "GET /mam/materials/matgroups/1/ HTTP/1.1" 500 72267
2018-08-25 07:39:51,498 [WARNING] [Thread-2:123145374625792] [django.server:124] [basehttp:log_message] [basehttp.py:124]- "GET / HTTP/1.1" 404 2023
2018-08-25 07:40:08,564 [WARNING] [Thread-3:123145374625792] [django.server:124] [basehttp:log_message] [basehttp.py:124]- "GET / HTTP/1.1" 404 2023
2018-08-25 07:40:12,297 [WARNING] [Thread-4:123145374625792] [django.server:124] [basehttp:log_message] [basehttp.py:124]- "GET /mam/meterials HTTP/1.1" 404 4563
2018-08-25 07:40:19,792 [WARNING] [Thread-5:123145374625792] [django.server:124] [basehttp:log_message] [basehttp.py:124]- "GET /mam/meterials HTTP/1.1" 404 4563
2018-08-25 07:40:27,579 [INFO] [Thread-6:123145374625792] [django.server:124] [basehttp:log_message] [basehttp.py:124]- "GET /mam/materials/ HTTP/1.1" 200 2372
2018-08-25 07:40:28,168 [INFO] [Thread-7:123145374625792] [django.server:124] [basehttp:log_message] [basehttp.py:124]- "GET /mam/materials/ HTTP/1.1" 200 2372
2018-08-25 07:40:32,888 [INFO] [Thread-8:123145374625792] [django.server:124] [basehttp:log_message] [basehttp.py:124]- "GET /mam/materials/1/ HTTP/1.1" 200 693
2018-08-25 07:40:32,899 [INFO] [Thread-9:123145379880960] [django.server:124] [basehttp:log_message] [basehttp.py:124]- "GET /mam/materials/1/ HTTP/1.1" 200 693
2018-08-25 07:40:40,891 [INFO] [Thread-10:123145374625792] [django.server:124] [basehttp:log_message] [basehttp.py:124]- "GET /mam/materials/tasks/1/ HTTP/1.1" 200 50
2018-08-25 07:40:40,911 [WARNING] [Thread-11:123145374625792] [django.server:124] [basehttp:log_message] [basehttp.py:124]- "GET /favicon.ico HTTP/1.1" 404 2074
2018-08-25 07:40:50,296 [INFO] [Thread-12:123145374625792] [django.server:124] [basehttp:log_message] [basehttp.py:124]- "GET /mam/materials/tasks/2/ HTTP/1.1" 200 50
2018-08-25 07:40:50,321 [WARNING] [Thread-13:123145374625792] [django.server:124] [basehttp:log_message] [basehttp.py:124]- "GET /favicon.ico HTTP/1.1" 404 2074
2018-08-25 07:40:57,843 [INFO] [Thread-14:123145374625792] [django.server:124] [basehttp:log_message] [basehttp.py:124]- "GET /mam/materials/tasks/hahaha/ HTTP/1.1" 200 2372
2018-08-25 07:40:57,871 [WARNING] [Thread-15:123145374625792] [django.server:124] [basehttp:log_message] [basehttp.py:124]- "GET /favicon.ico HTTP/1.1" 404 2074
2018-08-25 07:41:12,924 [INFO] [Thread-16:123145374625792] [django.server:124] [basehttp:log_message] [basehttp.py:124]- "GET /mam/materials/users/wudongxing/ HTTP/1.1" 200 1256
2018-08-25 07:41:12,946 [WARNING] [Thread-17:123145374625792] [django.server:124] [basehttp:log_message] [basehttp.py:124]- "GET /favicon.ico HTTP/1.1" 404 2074
2018-08-25 07:50:47,190 [WARNING] [Thread-18:123145374625792] [django.server:124] [basehttp:log_message] [basehttp.py:124]- "GET /mam/matgroups/matgroups/1/ HTTP/1.1" 404 4602
2018-08-25 07:50:47,270 [WARNING] [Thread-19:123145374625792] [django.server:124] [basehttp:log_message] [basehttp.py:124]- "GET /favicon.ico HTTP/1.1" 404 2074
2018-08-25 07:51:06,251 [INFO] [Thread-20:123145374625792] [django.server:124] [basehttp:log_message] [basehttp.py:124]- "GET /mam/matgroups/1/ HTTP/1.1" 200 310
2018-08-25 07:52:36,683 [INFO] [Thread-21:123145374625792] [django.server:124] [basehttp:log_message] [basehttp.py:124]- "GET /admin/mam/ HTTP/1.1" 200 5776
2018-08-25 07:52:40,765 [INFO] [Thread-22:123145374625792] [django.server:124] [basehttp:log_message] [basehttp.py:124]- "GET /admin/mam/mamscene/ HTTP/1.1" 200 3260
2018-08-25 07:52:40,827 [INFO] [Thread-23:123145374625792] [django.server:124] [basehttp:log_message] [basehttp.py:124]- "GET /admin/jsi18n/ HTTP/1.1" 200 7684
2018-08-25 07:52:40,855 [WARNING] [Thread-24:123145374625792] [django.server:124] [basehttp:log_message] [basehttp.py:124]- "GET /favicon.ico HTTP/1.1" 404 2074
2018-08-25 07:52:42,937 [INFO] [Thread-25:123145374625792] [django.server:124] [basehttp:log_message] [basehttp.py:124]- "GET /admin/mam/mamscene/add/ HTTP/1.1" 200 6652
2018-08-25 07:52:42,959 [INFO] [Thread-26:123145374625792] [django.server:124] [basehttp:log_message] [basehttp.py:124]- "GET /admin/jsi18n/ HTTP/1.1" 200 7684
2018-08-25 07:52:42,996 [WARNING] [Thread-27:123145374625792] [django.server:124] [basehttp:log_message] [basehttp.py:124]- "GET /favicon.ico HTTP/1.1" 404 2074
2018-08-25 07:53:08,263 [INFO] [Thread-28:123145374625792] [django.server:124] [basehttp:log_message] [basehttp.py:124]- "POST /admin/mam/mamscene/add/ HTTP/1.1" 302 0
2018-08-25 07:53:08,317 [INFO] [Thread-29:123145374625792] [django.server:124] [basehttp:log_message] [basehttp.py:124]- "GET /admin/mam/mamscene/add/ HTTP/1.1" 200 6886
2018-08-25 07:53:08,343 [INFO] [Thread-30:123145374625792] [django.server:124] [basehttp:log_message] [basehttp.py:124]- "GET /admin/jsi18n/ HTTP/1.1" 200 7684
2018-08-25 07:53:21,927 [INFO] [Thread-31:123145374625792] [django.server:124] [basehttp:log_message] [basehttp.py:124]- "POST /admin/mam/mamscene/add/ HTTP/1.1" 200 6826
2018-08-25 07:53:21,949 [INFO] [Thread-32:123145374625792] [django.server:124] [basehttp:log_message] [basehttp.py:124]- "GET /admin/jsi18n/ HTTP/1.1" 200 7684
2018-08-25 07:53:27,436 [INFO] [Thread-33:123145374625792] [django.server:124] [basehttp:log_message] [basehttp.py:124]- "POST /admin/mam/mamscene/add/ HTTP/1.1" 302 0
2018-08-25 07:53:27,489 [INFO] [Thread-34:123145374625792] [django.server:124] [basehttp:log_message] [basehttp.py:124]- "GET /admin/mam/mamscene/add/ HTTP/1.1" 200 6886
2018-08-25 07:53:27,513 [INFO] [Thread-35:123145374625792] [django.server:124] [basehttp:log_message] [basehttp.py:124]- "GET /admin/jsi18n/ HTTP/1.1" 200 7684
2018-08-25 07:53:44,959 [INFO] [Thread-36:123145374625792] [django.server:124] [basehttp:log_message] [basehttp.py:124]- "POST /admin/mam/mamscene/add/ HTTP/1.1" 302 0
2018-08-25 07:53:45,012 [INFO] [Thread-37:123145374625792] [django.server:124] [basehttp:log_message] [basehttp.py:124]- "GET /admin/mam/mamscene/add/ HTTP/1.1" 200 6886
2018-08-25 07:53:45,035 [INFO] [Thread-38:123145374625792] [django.server:124] [basehttp:log_message] [basehttp.py:124]- "GET /admin/jsi18n/ HTTP/1.1" 200 7684
2018-08-25 07:54:23,054 [ERROR] [Thread-39:123145374625792] [django.server:124] [basehttp:log_message] [basehttp.py:124]- "GET /mam/scenes/materials/1/ HTTP/1.1" 500 68503
2018-08-25 07:54:23,198 [WARNING] [Thread-40:123145374625792] [django.server:124] [basehttp:log_message] [basehttp.py:124]- "GET /favicon.ico HTTP/1.1" 404 2074
2018-08-25 08:18:46,538 [INFO] [Thread-2:123145353826304] [django.server:124] [basehttp:log_message] [basehttp.py:124]- "GET /admin/mam/ HTTP/1.1" 200 5776
2018-08-25 08:19:00,791 [INFO] [Thread-3:123145353826304] [django.server:124] [basehttp:log_message] [basehttp.py:124]- "GET /admin/mam/mamcata/ HTTP/1.1" 200 3253
2018-08-25 08:19:00,853 [INFO] [Thread-4:123145353826304] [django.server:124] [basehttp:log_message] [basehttp.py:124]- "GET /admin/jsi18n/ HTTP/1.1" 200 7684
2018-08-25 08:19:00,890 [WARNING] [Thread-5:123145353826304] [django.server:124] [basehttp:log_message] [basehttp.py:124]- "GET /favicon.ico HTTP/1.1" 404 2074
2018-08-25 08:19:03,096 [INFO] [Thread-6:123145353826304] [django.server:124] [basehttp:log_message] [basehttp.py:124]- "GET /admin/mam/mamcata/add/ HTTP/1.1" 200 17214
2018-08-25 08:19:03,119 [INFO] [Thread-7:123145353826304] [django.server:124] [basehttp:log_message] [basehttp.py:124]- "GET /admin/jsi18n/ HTTP/1.1" 200 7684
2018-08-25 08:19:03,166 [WARNING] [Thread-8:123145353826304] [django.server:124] [basehttp:log_message] [basehttp.py:124]- "GET /favicon.ico HTTP/1.1" 404 2074
2018-08-25 08:20:33,570 [INFO] [Thread-9:123145353826304] [django.server:124] [basehttp:log_message] [basehttp.py:124]- "POST /admin/mam/mamcata/add/ HTTP/1.1" 302 0
2018-08-25 08:20:33,667 [INFO] [Thread-10:123145353826304] [django.server:124] [basehttp:log_message] [basehttp.py:124]- "GET /admin/mam/mamcata/add/ HTTP/1.1" 200 17444
2018-08-25 08:20:33,746 [INFO] [Thread-11:123145353826304] [django.server:124] [basehttp:log_message] [basehttp.py:124]- "GET /admin/jsi18n/ HTTP/1.1" 200 7684
2018-08-25 08:20:53,841 [INFO] [Thread-12:123145353826304] [django.server:124] [basehttp:log_message] [basehttp.py:124]- "POST /admin/mam/mamcata/add/ HTTP/1.1" 200 17542
2018-08-25 08:20:53,896 [INFO] [Thread-13:123145353826304] [django.server:124] [basehttp:log_message] [basehttp.py:124]- "GET /admin/jsi18n/ HTTP/1.1" 200 7684
2018-08-25 08:21:07,979 [INFO] [Thread-14:123145353826304] [django.server:124] [basehttp:log_message] [basehttp.py:124]- "POST /admin/mam/mamcata/add/ HTTP/1.1" 302 0
2018-08-25 08:21:08,076 [INFO] [Thread-15:123145353826304] [django.server:124] [basehttp:log_message] [basehttp.py:124]- "GET /admin/mam/mamcata/add/ HTTP/1.1" 200 17444
2018-08-25 08:21:08,100 [INFO] [Thread-16:123145353826304] [django.server:124] [basehttp:log_message] [basehttp.py:124]- "GET /admin/jsi18n/ HTTP/1.1" 200 7684
2018-08-25 08:21:18,090 [INFO] [Thread-17:123145353826304] [django.server:124] [basehttp:log_message] [basehttp.py:124]- "GET /mam/scenes/materials/1/ HTTP/1.1" 200 555
2018-08-25 08:21:25,279 [INFO] [Thread-18:123145353826304] [django.server:124] [basehttp:log_message] [basehttp.py:124]- "GET /mam/scenes/materials/2 HTTP/1.1" 301 0
2018-08-25 08:21:25,294 [INFO] [Thread-19:123145353826304] [django.server:124] [basehttp:log_message] [basehttp.py:124]- "GET /mam/scenes/materials/2/ HTTP/1.1" 200 50
2018-08-25 08:21:25,326 [WARNING] [Thread-20:123145353826304] [django.server:124] [basehttp:log_message] [basehttp.py:124]- "GET /favicon.ico HTTP/1.1" 404 2074
2018-08-25 08:21:44,488 [ERROR] [Thread-21:123145353826304] [django.server:124] [basehttp:log_message] [basehttp.py:124]- "GET /mam/catas/materials/2/ HTTP/1.1" 500 112276
2018-08-25 08:21:44,553 [WARNING] [Thread-22:123145353826304] [django.server:124] [basehttp:log_message] [basehttp.py:124]- "GET /favicon.ico HTTP/1.1" 404 2074
2018-08-25 08:21:53,670 [WARNING] [Thread-23:123145353826304] [django.server:124] [basehttp:log_message] [basehttp.py:124]- "GET /mam/cata/materials/2/ HTTP/1.1" 404 4587
2018-08-25 08:21:53,751 [WARNING] [Thread-24:123145353826304] [django.server:124] [basehttp:log_message] [basehttp.py:124]- "GET /favicon.ico HTTP/1.1" 404 2074
2018-08-25 08:25:01,143 [ERROR] [Thread-25:123145353826304] [django.server:124] [basehttp:log_message] [basehttp.py:124]- "GET /mam/catas/materials/2/ HTTP/1.1" 500 112276
2018-08-25 08:26:45,235 [INFO] [Thread-2:123145368772608] [django.server:124] [basehttp:log_message] [basehttp.py:124]- "GET /mam/catas/materials/2/ HTTP/1.1" 200 772
2018-08-25 08:48:54,215 [INFO] [Thread-3:123145368772608] [django.server:124] [basehttp:log_message] [basehttp.py:124]- "GET /admin/mam/mamcata/ HTTP/1.1" 200 4636
2018-08-25 08:48:54,244 [INFO] [Thread-4:123145368772608] [django.server:124] [basehttp:log_message] [basehttp.py:124]- "GET /admin/jsi18n/ HTTP/1.1" 200 7684
2018-08-25 08:48:55,070 [INFO] [Thread-5:123145368772608] [django.server:124] [basehttp:log_message] [basehttp.py:124]- "GET /admin/mam/ HTTP/1.1" 200 5776
2018-08-25 08:48:59,409 [INFO] [Thread-7:123145374027776] [django.server:124] [basehttp:log_message] [basehttp.py:124]- "GET /admin/jsi18n/ HTTP/1.1" 200 7684
2018-08-25 08:48:59,449 [INFO] [Thread-6:123145368772608] [django.server:124] [basehttp:log_message] [basehttp.py:124]- "GET /admin/mam/mamcata/ HTTP/1.1" 200 4636
2018-08-25 08:49:04,141 [INFO] [Thread-8:123145368772608] [django.server:124] [basehttp:log_message] [basehttp.py:124]- "GET /admin/mam/mammaterialcheck/ HTTP/1.1" 200 3321
2018-08-25 08:49:04,170 [INFO] [Thread-9:123145368772608] [django.server:124] [basehttp:log_message] [basehttp.py:124]- "GET /admin/jsi18n/ HTTP/1.1" 200 7684
2018-08-25 08:49:04,197 [WARNING] [Thread-10:123145368772608] [django.server:124] [basehttp:log_message] [basehttp.py:124]- "GET /favicon.ico HTTP/1.1" 404 2074
2018-08-25 08:49:07,339 [INFO] [Thread-11:123145368772608] [django.server:124] [basehttp:log_message] [basehttp.py:124]- "GET /admin/mam/mammaterialcheck/ HTTP/1.1" 200 3321
2018-08-25 08:49:07,365 [INFO] [Thread-12:123145368772608] [django.server:124] [basehttp:log_message] [basehttp.py:124]- "GET /admin/jsi18n/ HTTP/1.1" 200 7684
2018-08-25 08:49:10,911 [INFO] [Thread-14:123145374027776] [django.server:124] [basehttp:log_message] [basehttp.py:124]- "GET /admin/jsi18n/ HTTP/1.1" 200 7684
2018-08-25 08:49:10,941 [INFO] [Thread-13:123145368772608] [django.server:124] [basehttp:log_message] [basehttp.py:124]- "GET /admin/mam/mammaterialcheck/ HTTP/1.1" 200 3321
2018-08-25 08:49:13,901 [INFO] [Thread-15:123145368772608] [django.server:124] [basehttp:log_message] [basehttp.py:124]- "GET /admin/mam/mammaterial/ HTTP/1.1" 200 5166
2018-08-25 08:49:13,922 [INFO] [Thread-16:123145368772608] [django.server:124] [basehttp:log_message] [basehttp.py:124]- "GET /admin/jsi18n/ HTTP/1.1" 200 7684
2018-08-25 09:10:57,172 [INFO] [Thread-2:123145372848128] [django.server:124] [basehttp:log_message] [basehttp.py:124]- "GET /admin/mam/ HTTP/1.1" 200 5776
2018-08-25 09:11:07,201 [INFO] [Thread-3:123145372848128] [django.server:124] [basehttp:log_message] [basehttp.py:124]- "GET /admin/mam/mammaterialcheck/ HTTP/1.1" 200 3321
2018-08-25 09:11:07,222 [INFO] [Thread-4:123145372848128] [django.server:124] [basehttp:log_message] [basehttp.py:124]- "GET /admin/jsi18n/ HTTP/1.1" 200 7684
2018-08-25 09:11:08,880 [INFO] [Thread-5:123145372848128] [django.server:124] [basehttp:log_message] [basehttp.py:124]- "GET /admin/mam/mammaterialcheck/add/ HTTP/1.1" 200 10048
2018-08-25 09:11:08,921 [INFO] [Thread-6:123145372848128] [django.server:124] [basehttp:log_message] [basehttp.py:124]- "GET /admin/jsi18n/ HTTP/1.1" 200 7684
2018-08-25 09:11:08,966 [WARNING] [Thread-7:123145372848128] [django.server:124] [basehttp:log_message] [basehttp.py:124]- "GET /favicon.ico HTTP/1.1" 404 2074
2018-08-25 09:39:14,993 [INFO] [Thread-8:123145372848128] [django.server:124] [basehttp:log_message] [basehttp.py:124]- "POST /admin/mam/mammaterialcheck/add/ HTTP/1.1" 302 0
2018-08-25 09:39:15,071 [INFO] [Thread-9:123145372848128] [django.server:124] [basehttp:log_message] [basehttp.py:124]- "GET /admin/mam/mammaterialcheck/add/ HTTP/1.1" 200 10316
2018-08-25 09:39:15,101 [INFO] [Thread-10:123145372848128] [django.server:124] [basehttp:log_message] [basehttp.py:124]- "GET /admin/jsi18n/ HTTP/1.1" 200 7684
2018-08-25 09:39:40,754 [INFO] [Thread-11:123145372848128] [django.server:124] [basehttp:log_message] [basehttp.py:124]- "POST /admin/mam/mammaterialcheck/add/ HTTP/1.1" 200 10296
2018-08-25 09:39:40,816 [INFO] [Thread-12:123145372848128] [django.server:124] [basehttp:log_message] [basehttp.py:124]- "GET /admin/jsi18n/ HTTP/1.1" 200 7684
2018-08-25 09:39:48,033 [INFO] [Thread-13:123145372848128] [django.server:124] [basehttp:log_message] [basehttp.py:124]- "POST /admin/mam/mammaterialcheck/add/ HTTP/1.1" 302 0
2018-08-25 09:39:48,122 [INFO] [Thread-14:123145372848128] [django.server:124] [basehttp:log_message] [basehttp.py:124]- "GET /admin/mam/mammaterialcheck/add/ HTTP/1.1" 200 10316
2018-08-25 09:39:48,157 [INFO] [Thread-15:123145372848128] [django.server:124] [basehttp:log_message] [basehttp.py:124]- "GET /admin/jsi18n/ HTTP/1.1" 200 7684
2018-08-25 09:41:34,253 [INFO] [Thread-16:123145372848128] [django.server:124] [basehttp:log_message] [basehttp.py:124]- "GET /admin/mam/ HTTP/1.1" 200 5776
2018-08-25 09:41:37,087 [INFO] [Thread-17:123145372848128] [django.server:124] [basehttp:log_message] [basehttp.py:124]- "GET /admin/mam/mamfile/ HTTP/1.1" 200 3253
2018-08-25 09:41:37,113 [INFO] [Thread-18:123145372848128] [django.server:124] [basehttp:log_message] [basehttp.py:124]- "GET /admin/jsi18n/ HTTP/1.1" 200 7684
2018-08-25 09:41:37,154 [WARNING] [Thread-19:123145372848128] [django.server:124] [basehttp:log_message] [basehttp.py:124]- "GET /favicon.ico HTTP/1.1" 404 2074
2018-08-25 09:41:39,378 [INFO] [Thread-20:123145372848128] [django.server:124] [basehttp:log_message] [basehttp.py:124]- "GET /admin/mam/mamfile/add/ HTTP/1.1" 200 16681
2018-08-25 09:41:39,404 [INFO] [Thread-21:123145372848128] [django.server:124] [basehttp:log_message] [basehttp.py:124]- "GET /admin/jsi18n/ HTTP/1.1" 200 7684
2018-08-25 09:41:39,532 [WARNING] [Thread-22:123145372848128] [django.server:124] [basehttp:log_message] [basehttp.py:124]- "GET /favicon.ico HTTP/1.1" 404 2074
2018-08-25 09:42:24,019 [INFO] [Thread-23:123145372848128] [django.server:124] [basehttp:log_message] [basehttp.py:124]- "POST /admin/mam/mamfile/add/ HTTP/1.1" 200 16973
2018-08-25 09:42:24,050 [INFO] [Thread-24:123145372848128] [django.server:124] [basehttp:log_message] [basehttp.py:124]- "GET /admin/jsi18n/ HTTP/1.1" 200 7684
2018-08-25 09:42:28,786 [INFO] [Thread-25:123145372848128] [django.server:124] [basehttp:log_message] [basehttp.py:124]- "GET /admin/mam/mamfile/add/?_to_field=id&_popup=1 HTTP/1.1" 200 15736
2018-08-25 09:42:28,853 [INFO] [Thread-26:123145372848128] [django.server:124] [basehttp:log_message] [basehttp.py:124]- "GET /admin/jsi18n/ HTTP/1.1" 200 7684
2018-08-25 09:42:28,890 [WARNING] [Thread-27:123145372848128] [django.server:124] [basehttp:log_message] [basehttp.py:124]- "GET /favicon.ico HTTP/1.1" 404 2074
2018-08-25 10:07:15,961 [INFO] [Thread-2:123145401753600] [django.server:124] [basehttp:log_message] [basehttp.py:124]- "POST /admin/mam/mamfile/add/ HTTP/1.1" 302 0
2018-08-25 10:07:16,095 [INFO] [Thread-3:123145401753600] [django.server:124] [basehttp:log_message] [basehttp.py:124]- "GET /admin/mam/mamfile/add/ HTTP/1.1" 200 16934
2018-08-25 10:07:16,123 [INFO] [Thread-4:123145401753600] [django.server:124] [basehttp:log_message] [basehttp.py:124]- "GET /admin/jsi18n/ HTTP/1.1" 200 7684
2018-08-25 10:08:00,249 [INFO] [Thread-5:123145401753600] [django.server:124] [basehttp:log_message] [basehttp.py:124]- "POST /admin/mam/mamfile/add/ HTTP/1.1" 200 16979
2018-08-25 10:08:00,278 [INFO] [Thread-6:123145401753600] [django.server:124] [basehttp:log_message] [basehttp.py:124]- "GET /admin/jsi18n/ HTTP/1.1" 200 7684
2018-08-25 10:08:09,881 [INFO] [Thread-7:123145401753600] [django.server:124] [basehttp:log_message] [basehttp.py:124]- "POST /admin/mam/mamfile/add/ HTTP/1.1" 302 0
2018-08-25 10:08:09,976 [INFO] [Thread-8:123145401753600] [django.server:124] [basehttp:log_message] [basehttp.py:124]- "GET /admin/mam/mamfile/add/ HTTP/1.1" 200 16983
2018-08-25 10:08:10,001 [INFO] [Thread-9:123145401753600] [django.server:124] [basehttp:log_message] [basehttp.py:124]- "GET /admin/jsi18n/ HTTP/1.1" 200 7684
2018-08-25 10:09:34,020 [INFO] [Thread-2:123145575391232] [django.server:124] [basehttp:log_message] [basehttp.py:124]- "GET /mam/files/materials/1 HTTP/1.1" 301 0
2018-08-25 10:09:34,055 [INFO] [Thread-3:123145575391232] [django.server:124] [basehttp:log_message] [basehttp.py:124]- "GET /mam/files/materials/1/ HTTP/1.1" 200 1254
2018-08-25 10:09:34,096 [WARNING] [Thread-4:123145575391232] [django.server:124] [basehttp:log_message] [basehttp.py:124]- "GET /favicon.ico HTTP/1.1" 404 2074
2018-08-27 22:55:26,591 [INFO] [Thread-5:123145396097024] [django.server:124] [basehttp:log_message] [basehttp.py:124]- "GET /static/admin/fonts/Roboto-Light-webfont.woff HTTP/1.1" 304 0
2018-08-27 22:55:26,593 [INFO] [Thread-3:123145385586688] [django.server:124] [basehttp:log_message] [basehttp.py:124]- "GET /static/admin/css/fonts.css HTTP/1.1" 304 0
2018-08-27 22:55:26,595 [INFO] [Thread-4:123145390841856] [django.server:124] [basehttp:log_message] [basehttp.py:124]- "GET /static/admin/fonts/Roboto-Regular-webfont.woff HTTP/1.1" 304 0
2018-08-27 22:55:26,595 [INFO] [Thread-6:123145401352192] [django.server:124] [basehttp:log_message] [basehttp.py:124]- "GET /static/admin/fonts/Roboto-Bold-webfont.woff HTTP/1.1" 304 0
2018-08-27 22:55:26,605 [WARNING] [Thread-2:123145380331520] [django.server:124] [basehttp:log_message] [basehttp.py:124]- "GET / HTTP/1.1" 404 2023
2018-08-27 22:55:30,418 [WARNING] [Thread-7:123145380331520] [django.server:124] [basehttp:log_message] [basehttp.py:124]- "GET / HTTP/1.1" 404 2023
2018-08-27 22:55:31,438 [WARNING] [Thread-8:123145380331520] [django.server:124] [basehttp:log_message] [basehttp.py:124]- "GET /mam/meterials HTTP/1.1" 404 6118
2018-08-27 22:55:32,307 [WARNING] [Thread-9:123145380331520] [django.server:124] [basehttp:log_message] [basehttp.py:124]- "GET /mam/meterials HTTP/1.1" 404 6118
2018-08-27 22:55:39,719 [INFO] [Thread-10:123145380331520] [django.server:124] [basehttp:log_message] [basehttp.py:124]- "GET /mam/materials/ HTTP/1.1" 200 2372
2018-08-27 22:55:39,881 [INFO] [Thread-11:123145380331520] [django.server:124] [basehttp:log_message] [basehttp.py:124]- "GET /mam/materials/ HTTP/1.1" 200 2372
2018-08-27 22:55:44,797 [INFO] [Thread-12:123145380331520] [django.server:124] [basehttp:log_message] [basehttp.py:124]- "GET /mam/materials/1/ HTTP/1.1" 200 693
2018-08-27 22:55:48,529 [INFO] [Thread-13:123145380331520] [django.server:124] [basehttp:log_message] [basehttp.py:124]- "GET /mam/materials/1/ HTTP/1.1" 200 693
2018-08-27 22:55:54,163 [INFO] [Thread-14:123145380331520] [django.server:124] [basehttp:log_message] [basehttp.py:124]- "GET /mam/materials/1/1/2 HTTP/1.1" 301 0
2018-08-27 22:55:54,247 [ERROR] [Thread-15:123145380331520] [django.server:124] [basehttp:log_message] [basehttp.py:124]- "GET /mam/materials/1/1/2/ HTTP/1.1" 500 68675
2018-08-27 22:55:54,395 [WARNING] [Thread-16:123145380331520] [django.server:124] [basehttp:log_message] [basehttp.py:124]- "GET /favicon.ico HTTP/1.1" 404 2074
2018-08-27 22:57:47,319 [ERROR] [Thread-8:123145505824768] [django.server:124] [basehttp:log_message] [basehttp.py:124]- "GET /mam/materials/1/1/2/ HTTP/1.1" 500 70684
2018-08-27 22:58:02,704 [ERROR] [Thread-7:123145384312832] [django.server:124] [basehttp:log_message] [basehttp.py:124]- "GET /mam/materials/1/1/2/ HTTP/1.1" 500 70684
2018-08-27 22:58:54,051 [INFO] [Thread-8:123145384312832] [django.server:124] [basehttp:log_message] [basehttp.py:124]- "GET /mam/materials/1/2/ HTTP/1.1" 200 2372
2018-08-27 22:58:54,054 [INFO] [Thread-10:123145389568000] [django.server:124] [basehttp:log_message] [basehttp.py:124]- "GET /mam/materials/1/2/ HTTP/1.1" 200 2372
2018-08-27 22:58:54,058 [ERROR] [Thread-8:123145384312832] [django.server:124] [basehttp:log_message] [basehttp.py:124]- "GET /mam/materials/1/2/ HTTP/1.1" 500 59
2018-08-27 22:58:54,108 [WARNING] [Thread-12:123145384312832] [django.server:124] [basehttp:log_message] [basehttp.py:124]- "GET /favicon.ico HTTP/1.1" 404 2074
2018-08-27 23:00:59,333 [INFO] [Thread-13:123145384312832] [django.server:124] [basehttp:log_message] [basehttp.py:124]- "GET /mam/materials/1/2/ HTTP/1.1" 200 2372
2018-08-27 23:07:25,078 [ERROR] [Thread-7:123145556660224] [django.server:124] [basehttp:log_message] [basehttp.py:124]- "GET /mam/materials/1/2/ HTTP/1.1" 500 82973
2018-08-27 23:09:42,761 [ERROR] [Thread-7:123145579286528] [django.server:124] [basehttp:log_message] [basehttp.py:124]- "GET /mam/materials/1/2/ HTTP/1.1" 500 84700
2018-08-27 23:12:31,065 [ERROR] [Thread-7:123145537925120] [django.server:124] [basehttp:log_message] [basehttp.py:124]- "GET /mam/materials/1/2/ HTTP/1.1" 500 84710
2018-08-27 23:14:13,108 [INFO] [Thread-7:123145494065152] [django.server:124] [basehttp:log_message] [basehttp.py:124]- "GET /mam/materials/1/2/ HTTP/1.1" 200 1246
2018-08-28 09:48:40,943 [INFO] [Thread-2:123145387073536] [django.server:124] [basehttp:log_message] [basehttp.py:124]- "GET /mam/materials/1/ HTTP/1.1" 200 693
2018-08-28 09:48:41,059 [WARNING] [Thread-3:123145387073536] [django.server:124] [basehttp:log_message] [basehttp.py:124]- "GET /apple-touch-icon-precomposed.png HTTP/1.1" 404 2137
2018-08-28 09:48:41,065 [WARNING] [Thread-4:123145387073536] [django.server:124] [basehttp:log_message] [basehttp.py:124]- "GET /apple-touch-icon.png HTTP/1.1" 404 2101
2018-08-28 09:48:41,575 [ERROR] [Thread-5:123145387073536] [django.server:124] [basehttp:log_message] [basehttp.py:124]- "GET /mam/materials/ HTTP/1.1" 500 68411
2018-08-28 09:48:42,280 [ERROR] [Thread-6:123145387073536] [django.server:124] [basehttp:log_message] [basehttp.py:124]- "GET /mam/materials/ HTTP/1.1" 500 68411
2018-08-28 09:49:12,767 [INFO] [Thread-2:123145425715200] [django.server:124] [basehttp:log_message] [basehttp.py:124]- "GET /mam/materials/ HTTP/1.1" 200 2311
2018-08-28 09:49:16,359 [INFO] [Thread-3:123145425715200] [django.server:124] [basehttp:log_message] [basehttp.py:124]- "GET /mam/materials/1/ HTTP/1.1" 200 693
2018-08-28 09:49:17,501 [INFO] [Thread-4:123145425715200] [django.server:124] [basehttp:log_message] [basehttp.py:124]- "GET /mam/materials/1/2/ HTTP/1.1" 200 1246
2018-08-28 09:49:18,059 [INFO] [Thread-5:123145425715200] [django.server:124] [basehttp:log_message] [basehttp.py:124]- "GET /mam/materials/1/2/ HTTP/1.1" 200 1246
2018-08-28 09:49:22,568 [INFO] [Thread-6:123145425715200] [django.server:124] [basehttp:log_message] [basehttp.py:124]- "GET /mam/materials/1/ HTTP/1.1" 200 693
2018-08-28 09:49:23,141 [INFO] [Thread-7:123145425715200] [django.server:124] [basehttp:log_message] [basehttp.py:124]- "GET /mam/materials/ HTTP/1.1" 200 2311
2018-08-28 09:49:23,418 [INFO] [Thread-8:123145425715200] [django.server:124] [basehttp:log_message] [basehttp.py:124]- "GET /mam/materials/ HTTP/1.1" 200 2311
2018-08-28 10:11:45,713 [INFO] [Thread-2:123145566236672] [django.server:124] [basehttp:log_message] [basehttp.py:124]- "GET /mam/materials/ HTTP/1.1" 200 2311
2018-08-28 11:15:40,915 [INFO] [Thread-2:123145477414912] [django.server:124] [basehttp:log_message] [basehttp.py:124]- "GET /mam/materials/ HTTP/1.1" 200 2311
2018-08-28 14:11:27,553 [INFO] [Thread-2:123145362300928] [django.server:124] [basehttp:log_message] [basehttp.py:124]- "GET /mam/materials/ HTTP/1.1" 200 2311
2018-08-28 16:44:00,745 [WARNING] [Thread-2:123145521082368] [django.server:124] [basehttp:log_message] [basehttp.py:124]- "GET / HTTP/1.1" 404 2023
2018-08-28 16:44:04,539 [WARNING] [Thread-3:123145521082368] [django.server:124] [basehttp:log_message] [basehttp.py:124]- "GET / HTTP/1.1" 404 2023
2018-08-28 16:44:05,550 [ERROR] [Thread-4:123145521082368] [django.server:124] [basehttp:log_message] [basehttp.py:124]- "GET /mam/materials/ HTTP/1.1" 500 76356
2018-08-28 16:44:07,364 [ERROR] [Thread-5:123145521082368] [django.server:124] [basehttp:log_message] [basehttp.py:124]- "GET /mam/materials/ HTTP/1.1" 500 76356
2018-08-28 16:47:14,356 [INFO] [Thread-2:123145393848320] [django.server:124] [basehttp:log_message] [basehttp.py:124]- "GET /mam/materials/ HTTP/1.1" 200 2311
